execve("./hello", ["./hello"], [/* 106 vars */]) = 0
brk(NULL)                               = 0x10f1000
access("/etc/ld.so.nohwcap", F_OK)      = -1 ENOENT (No such file or directory)
access("/etc/ld.so.preload", R_OK)      = -1 ENOENT (No such file or directory)
open("/usr/local/cuda-9.1/lib64/tls/x86_64/libc.so.6", O_RDONLY|O_CLOEXEC) = -1 ENOENT (No such file or directory)
stat("/usr/local/cuda-9.1/lib64/tls/x86_64", 0x7ffd7620fc90) = -1 ENOENT (No such file or directory)
open("/usr/local/cuda-9.1/lib64/tls/libc.so.6", O_RDONLY|O_CLOEXEC) = -1 ENOENT (No such file or directory)
stat("/usr/local/cuda-9.1/lib64/tls", 0x7ffd7620fc90) = -1 ENOENT (No such file or directory)
open("/usr/local/cuda-9.1/lib64/x86_64/libc.so.6", O_RDONLY|O_CLOEXEC) = -1 ENOENT (No such file or directory)
stat("/usr/local/cuda-9.1/lib64/x86_64", 0x7ffd7620fc90) = -1 ENOENT (No such file or directory)
open("/usr/local/cuda-9.1/lib64/libc.so.6", O_RDONLY|O_CLOEXEC) = -1 ENOENT (No such file or directory)
stat("/usr/local/cuda-9.1/lib64", {st_mode=S_IFDIR|0755, st_size=4096, ...}) = 0
open("tls/x86_64/libc.so.6", O_RDONLY|O_CLOEXEC) = -1 ENOENT (No such file or directory)
open("tls/libc.so.6", O_RDONLY|O_CLOEXEC) = -1 ENOENT (No such file or directory)
open("x86_64/libc.so.6", O_RDONLY|O_CLOEXEC) = -1 ENOENT (No such file or directory)
open("libc.so.6", O_RDONLY|O_CLOEXEC)   = -1 ENOENT (No such file or directory)
open("/etc/ld.so.cache", O_RDONLY|O_CLOEXEC) = 3
fstat(3, {st_mode=S_IFREG|0644, st_size=175996, ...}) = 0
mmap(NULL, 175996, PROT_READ, MAP_PRIVATE, 3, 0) = 0x7f70f3543000
close(3)                                = 0
access("/etc/ld.so.nohwcap", F_OK)      = -1 ENOENT (No such file or directory)
open("/lib/x86_64-linux-gnu/libc.so.6", O_RDONLY|O_CLOEXEC) = 3
read(3, "\177ELF\2\1\1\3\0\0\0\0\0\0\0\0\3\0>\0\1\0\0\0P\t\2\0\0\0\0\0"..., 832) = 832
fstat(3, {st_mode=S_IFREG|0755, st_size=1868984, ...}) = 0
mmap(NULL, 4096, PROT_READ|PROT_WRITE, MAP_PRIVATE|MAP_ANONYMOUS, -1, 0) = 0x7f70f3542000
mmap(NULL, 3971488, PROT_READ|PROT_EXEC, MAP_PRIVATE|MAP_DENYWRITE, 3, 0) = 0x7f70f2f7f000
mprotect(0x7f70f313f000, 2097152, PROT_NONE) = 0
mmap(0x7f70f333f000, 24576, PROT_READ|PROT_WRITE, MAP_PRIVATE|MAP_FIXED|MAP_DENYWRITE, 3, 0x1c0000) = 0x7f70f333f000
mmap(0x7f70f3345000, 14752, PROT_READ|PROT_WRITE, MAP_PRIVATE|MAP_FIXED|MAP_ANONYMOUS, -1, 0) = 0x7f70f3345000
close(3)                                = 0
mmap(NULL, 4096, PROT_READ|PROT_WRITE, MAP_PRIVATE|MAP_ANONYMOUS, -1, 0) = 0x7f70f3541000
mmap(NULL, 4096, PROT_READ|PROT_WRITE, MAP_PRIVATE|MAP_ANONYMOUS, -1, 0) = 0x7f70f3540000
arch_prctl(ARCH_SET_FS, 0x7f70f3541700) = 0
mprotect(0x7f70f333f000, 16384, PROT_READ) = 0
mprotect(0x7f70f356e000, 4096, PROT_READ) = 0
munmap(0x7f70f3543000, 175996)          = 0
fstat(1, {st_mode=S_IFCHR|0620, st_rdev=makedev(136, 4), ...}) = 0
brk(NULL)                               = 0x10f1000
brk(0x1112000)                          = 0x1112000
write(1, "hello world\n", 12)           = 12
exit_group(0)                           = ?
+++ exited with 0 +++
